2016-04-30 09:38:05.440  INFO --- [main] c.d.s.Spring_Web_Application : Starting Spring_Web_Application on dzzdeMacBook-Pro.local with PID 6063 (/Users/dzz/workspace_idea/spring/spring_web/build/classes/main started by dzz in /Users/dzz/workspace_idea/spring)
2016-04-30 09:38:05.444  INFO --- [main] c.d.s.Spring_Web_Application : No active profile set, falling back to default profiles: default
2016-04-30 09:38:05.538  INFO --- [main] o.s.b.c.e.AnnotationConfigEmbeddedWebApplicationContext : Refreshing org.springframework.boot.context.embedded.AnnotationConfigEmbeddedWebApplicationContext@3a93b025: startup date [Sat Apr 30 09:38:05 CST 2016]; root of context hierarchy
2016-04-30 09:38:06.888  INFO --- [main] o.s.b.f.s.DefaultListableBeanFactory : Overriding bean definition for bean 'beanNameViewResolver' with a different definition: replacing [Root bean: class [null]; scope=; abstract=false; lazyInit=false; autowireMode=3; dependencyCheck=0; autowireCandidate=true; primary=false; factoryBeanName=org.springframework.boot.autoconfigure.web.ErrorMvcAutoConfiguration$WhitelabelErrorViewConfiguration; factoryMethodName=beanNameViewResolver; initMethodName=null; destroyMethodName=(inferred); defined in class path resource [org/springframework/boot/autoconfigure/web/ErrorMvcAutoConfiguration$WhitelabelErrorViewConfiguration.class]] with [Root bean: class [null]; scope=; abstract=false; lazyInit=false; autowireMode=3; dependencyCheck=0; autowireCandidate=true; primary=false; factoryBeanName=org.springframework.boot.autoconfigure.web.WebMvcAutoConfiguration$WebMvcAutoConfigurationAdapter; factoryMethodName=beanNameViewResolver; initMethodName=null; destroyMethodName=(inferred); defined in class path resource [org/springframework/boot/autoconfigure/web/WebMvcAutoConfiguration$WebMvcAutoConfigurationAdapter.class]]
2016-04-30 09:38:07.358  INFO --- [main] o.s.b.f.a.AutowiredAnnotationBeanPostProcessor : JSR-330 'javax.inject.Inject' annotation found and supported for autowiring
2016-04-30 09:38:07.849  WARN --- [main] io.undertow.websockets.jsr : UT026009: XNIO worker was not set on WebSocketDeploymentInfo, the default worker will be used
2016-04-30 09:38:07.882  INFO --- [main] org.xnio : XNIO version 3.3.3.Final
2016-04-30 09:38:07.907  INFO --- [main] org.xnio.nio : XNIO NIO Implementation Version 3.3.3.Final
2016-04-30 09:38:07.975  WARN --- [main] io.undertow.websockets.jsr : UT026010: Buffer pool was not set on WebSocketDeploymentInfo, the default pool will be used
2016-04-30 09:38:07.997  INFO --- [main] io.undertow.servlet : Initializing Spring embedded WebApplicationContext
2016-04-30 09:38:07.998  INFO --- [main] o.s.web.context.ContextLoader : Root WebApplicationContext: initialization completed in 2460 ms
2016-04-30 09:38:08.515  INFO --- [main] o.s.b.c.e.ServletRegistrationBean : Mapping servlet: 'dispatcherServlet' to [/]
2016-04-30 09:38:08.522  INFO --- [main] o.s.b.c.e.FilterRegistrationBean : Mapping filter: 'metricFilter' to: [/*]
2016-04-30 09:38:08.523  INFO --- [main] o.s.b.c.e.FilterRegistrationBean : Mapping filter: 'characterEncodingFilter' to: [/*]
2016-04-30 09:38:08.523  INFO --- [main] o.s.b.c.e.FilterRegistrationBean : Mapping filter: 'hiddenHttpMethodFilter' to: [/*]
2016-04-30 09:38:08.524  INFO --- [main] o.s.b.c.e.FilterRegistrationBean : Mapping filter: 'httpPutFormContentFilter' to: [/*]
2016-04-30 09:38:08.524  INFO --- [main] o.s.b.c.e.FilterRegistrationBean : Mapping filter: 'requestContextFilter' to: [/*]
2016-04-30 09:38:08.524  INFO --- [main] o.s.b.c.e.FilterRegistrationBean : Mapping filter: 'webRequestLoggingFilter' to: [/*]
2016-04-30 09:38:08.524  INFO --- [main] o.s.b.c.e.FilterRegistrationBean : Mapping filter: 'applicationContextIdFilter' to: [/*]
2016-04-30 09:38:08.970  INFO --- [main] o.s.w.s.m.m.a.RequestMappingHandlerAdapter : Looking for @ControllerAdvice: org.springframework.boot.context.embedded.AnnotationConfigEmbeddedWebApplicationContext@3a93b025: startup date [Sat Apr 30 09:38:05 CST 2016]; root of context hierarchy
2016-04-30 09:38:09.061  INFO --- [main] o.s.w.s.m.m.a.RequestMappingHandlerMapping : Mapped "{[/]}" onto public java.lang.String com.dzz.spring_web.controller.WelcomeController.welcome()
2016-04-30 09:38:09.066  INFO --- [main] o.s.w.s.m.m.a.RequestMappingHandlerMapping : Mapped "{[/error]}" onto public org.springframework.http.ResponseEntity<java.util.Map<java.lang.String, java.lang.Object>> org.springframework.boot.autoconfigure.web.BasicErrorController.error(javax.servlet.http.HttpServletRequest)
2016-04-30 09:38:09.067  INFO --- [main] o.s.w.s.m.m.a.RequestMappingHandlerMapping : Mapped "{[/error],produces=[text/html]}" onto public org.springframework.web.servlet.ModelAndView org.springframework.boot.autoconfigure.web.BasicErrorController.errorHtml(javax.servlet.http.HttpServletRequest,javax.servlet.http.HttpServletResponse)
2016-04-30 09:38:09.112  INFO --- [main] o.s.w.s.h.SimpleUrlHandlerMapping : Mapped URL path [/webjars/**] onto handler of type [class org.springframework.web.servlet.resource.ResourceHttpRequestHandler]
2016-04-30 09:38:09.112  INFO --- [main] o.s.w.s.h.SimpleUrlHandlerMapping : Mapped URL path [/**] onto handler of type [class org.springframework.web.servlet.resource.ResourceHttpRequestHandler]
2016-04-30 09:38:09.158  INFO --- [main] o.s.w.s.h.SimpleUrlHandlerMapping : Mapped URL path [/**/favicon.ico] onto handler of type [class org.springframework.web.servlet.resource.ResourceHttpRequestHandler]
2016-04-30 09:38:09.258  INFO --- [main] o.s.b.w.s.v.v.EmbeddedVelocityViewResolver : Using EmbeddedVelocityToolboxView instead of default VelocityView due to specified toolboxConfigLocation
2016-04-30 09:38:09.712  INFO --- [main] o.s.b.a.e.mvc.EndpointHandlerMapping : Mapped "{[/configprops || /configprops.json],methods=[GET],produces=[application/json]}" onto public java.lang.Object org.springframework.boot.actuate.endpoint.mvc.EndpointMvcAdapter.invoke()
2016-04-30 09:38:09.713  INFO --- [main] o.s.b.a.e.mvc.EndpointHandlerMapping : Mapped "{[/env/{name:.*}],methods=[GET],produces=[application/json]}" onto public java.lang.Object org.springframework.boot.actuate.endpoint.mvc.EnvironmentMvcEndpoint.value(java.lang.String)
2016-04-30 09:38:09.713  INFO --- [main] o.s.b.a.e.mvc.EndpointHandlerMapping : Mapped "{[/env || /env.json],methods=[GET],produces=[application/json]}" onto public java.lang.Object org.springframework.boot.actuate.endpoint.mvc.EndpointMvcAdapter.invoke()
2016-04-30 09:38:09.714  INFO --- [main] o.s.b.a.e.mvc.EndpointHandlerMapping : Mapped "{[/metrics/{name:.*}],methods=[GET],produces=[application/json]}" onto public java.lang.Object org.springframework.boot.actuate.endpoint.mvc.MetricsMvcEndpoint.value(java.lang.String)
2016-04-30 09:38:09.714  INFO --- [main] o.s.b.a.e.mvc.EndpointHandlerMapping : Mapped "{[/metrics || /metrics.json],methods=[GET],produces=[application/json]}" onto public java.lang.Object org.springframework.boot.actuate.endpoint.mvc.EndpointMvcAdapter.invoke()
2016-04-30 09:38:09.715  INFO --- [main] o.s.b.a.e.mvc.EndpointHandlerMapping : Mapped "{[/beans || /beans.json],methods=[GET],produces=[application/json]}" onto public java.lang.Object org.springframework.boot.actuate.endpoint.mvc.EndpointMvcAdapter.invoke()
2016-04-30 09:38:09.718  INFO --- [main] o.s.b.a.e.mvc.EndpointHandlerMapping : Mapped "{[/trace || /trace.json],methods=[GET],produces=[application/json]}" onto public java.lang.Object org.springframework.boot.actuate.endpoint.mvc.EndpointMvcAdapter.invoke()
2016-04-30 09:38:09.719  INFO --- [main] o.s.b.a.e.mvc.EndpointHandlerMapping : Mapped "{[/autoconfig || /autoconfig.json],methods=[GET],produces=[application/json]}" onto public java.lang.Object org.springframework.boot.actuate.endpoint.mvc.EndpointMvcAdapter.invoke()
2016-04-30 09:38:09.719  INFO --- [main] o.s.b.a.e.mvc.EndpointHandlerMapping : Mapped "{[/info || /info.json],methods=[GET],produces=[application/json]}" onto public java.lang.Object org.springframework.boot.actuate.endpoint.mvc.EndpointMvcAdapter.invoke()
2016-04-30 09:38:09.720  INFO --- [main] o.s.b.a.e.mvc.EndpointHandlerMapping : Mapped "{[/dump || /dump.json],methods=[GET],produces=[application/json]}" onto public java.lang.Object org.springframework.boot.actuate.endpoint.mvc.EndpointMvcAdapter.invoke()
2016-04-30 09:38:09.722  INFO --- [main] o.s.b.a.e.mvc.EndpointHandlerMapping : Mapped "{[/health || /health.json],produces=[application/json]}" onto public java.lang.Object org.springframework.boot.actuate.endpoint.mvc.HealthMvcEndpoint.invoke(java.security.Principal)
2016-04-30 09:38:09.727  INFO --- [main] o.s.b.a.e.mvc.EndpointHandlerMapping : Mapped "{[/mappings || /mappings.json],methods=[GET],produces=[application/json]}" onto public java.lang.Object org.springframework.boot.actuate.endpoint.mvc.EndpointMvcAdapter.invoke()
2016-04-30 09:38:09.826  INFO --- [main] o.s.w.s.v.v.VelocityConfigurer : ClasspathResourceLoader with name 'springMacro' added to configured VelocityEngine
2016-04-30 09:38:10.088  INFO --- [main] o.s.j.e.a.AnnotationMBeanExporter : Registering beans for JMX exposure on startup
2016-04-30 09:38:10.102  INFO --- [main] o.s.c.s.DefaultLifecycleProcessor : Starting beans in phase 0
2016-04-30 09:38:10.264  INFO --- [main] o.s.b.c.e.u.UndertowEmbeddedServletContainer : Undertow started on port(s) 8080 (http)
2016-04-30 09:38:10.272  INFO --- [main] c.d.s.Spring_Web_Application : Started Spring_Web_Application in 6.271 seconds (JVM running for 7.075)
2016-04-30 09:38:14.730  INFO --- [XNIO-2 task-1] io.undertow.servlet : Initializing Spring FrameworkServlet 'dispatcherServlet'
2016-04-30 09:38:14.730  INFO --- [XNIO-2 task-1] o.s.web.servlet.DispatcherServlet : FrameworkServlet 'dispatcherServlet': initialization started
2016-04-30 09:38:14.740  INFO --- [XNIO-2 task-1] o.s.web.servlet.DispatcherServlet : FrameworkServlet 'dispatcherServlet': initialization completed in 10 ms
2016-04-30 09:38:14.886  INFO --- [XNIO-2 task-1] o.a.v.t.v.s.ServletToolboxManager : Using config file '/toolbox.xml'
2016-04-30 09:38:14.887  WARN --- [XNIO-2 task-1] o.a.v.tools.view.XMLToolboxManager : XMLToolboxManager has been deprecated. Please use org.apache.velocity.tools.ToolboxFactory instead.
2016-04-30 09:38:14.887  WARN --- [XNIO-2 task-1] o.a.v.t.v.s.ServletToolboxManager : ServletToolboxManager has been deprecated. Please use org.apache.velocity.tools.ToolboxFactory instead.
